2025-12-12 07:35:00.246+0000 INFO  Logging config in use: File '/var/lib/neo4j/conf/user-logs.xml'
2025-12-12 07:35:00.263+0000 INFO  Starting...
2025-12-12 07:35:00.818+0000 INFO  This instance is ServerId{eda29fb5} (eda29fb5-ecc8-4d63-ba52-cc91d1c64685)
2025-12-12 07:35:01.581+0000 INFO  ======== Neo4j 2025.10.1 ========
2025-12-12 07:35:09.465+0000 INFO  Anonymous Usage Data is being sent to Neo4j, see https://neo4j.com/docs/usage-data/
2025-12-12 07:35:16.276+0000 INFO  Bolt enabled on 0.0.0.0:7687.
2025-12-12 07:35:16.737+0000 INFO  HTTP enabled on 0.0.0.0:7474.
2025-12-12 07:35:16.738+0000 INFO  Remote interface available at http://localhost:7474/
2025-12-12 07:35:16.741+0000 INFO  id: 0B40D8C1D2C205ED8A1B82F3EFF279BC46CCE5017F6DE6FEB3B849BDE76ED00D
2025-12-12 07:35:16.741+0000 INFO  name: system
2025-12-12 07:35:16.742+0000 INFO  creationDate: 2025-12-12T07:35:02.568Z
2025-12-12 07:35:16.743+0000 INFO  Started.
2025-12-12 07:40:33.725+0000 WARN  [bolt-0] The client is unauthorized due to authentication failure.
2025-12-14 08:19:06.494+0000 INFO  Logging config in use: File '/var/lib/neo4j/conf/user-logs.xml'
2025-12-14 08:19:06.509+0000 INFO  Starting...
2025-12-14 08:19:07.084+0000 INFO  This instance is ServerId{eda29fb5} (eda29fb5-ecc8-4d63-ba52-cc91d1c64685)
2025-12-14 08:19:08.008+0000 INFO  ======== Neo4j 2025.10.1 ========
2025-12-14 08:19:09.908+0000 INFO  Anonymous Usage Data is being sent to Neo4j, see https://neo4j.com/docs/usage-data/
2025-12-14 08:19:10.491+0000 INFO  Bolt enabled on 0.0.0.0:7687.
2025-12-14 08:19:11.106+0000 INFO  HTTP enabled on 0.0.0.0:7474.
2025-12-14 08:19:11.108+0000 INFO  Remote interface available at http://localhost:7474/
2025-12-14 08:19:11.110+0000 INFO  id: 0B40D8C1D2C205ED8A1B82F3EFF279BC46CCE5017F6DE6FEB3B849BDE76ED00D
2025-12-14 08:19:11.111+0000 INFO  name: system
2025-12-14 08:19:11.112+0000 INFO  creationDate: 2025-12-12T07:35:02.568Z
2025-12-14 08:19:11.112+0000 INFO  Started.
2025-12-15 01:41:01.394+0000 INFO  Logging config in use: File '/var/lib/neo4j/conf/user-logs.xml'
2025-12-15 01:41:01.411+0000 INFO  Starting...
2025-12-15 01:41:02.129+0000 INFO  This instance is ServerId{eda29fb5} (eda29fb5-ecc8-4d63-ba52-cc91d1c64685)
2025-12-15 01:41:03.291+0000 INFO  ======== Neo4j 2025.10.1 ========
2025-12-15 01:41:05.622+0000 INFO  Anonymous Usage Data is being sent to Neo4j, see https://neo4j.com/docs/usage-data/
2025-12-15 01:41:06.299+0000 INFO  Bolt enabled on 0.0.0.0:7687.
2025-12-15 01:41:07.037+0000 INFO  HTTP enabled on 0.0.0.0:7474.
2025-12-15 01:41:07.038+0000 INFO  Remote interface available at http://localhost:7474/
2025-12-15 01:41:07.040+0000 INFO  id: 0B40D8C1D2C205ED8A1B82F3EFF279BC46CCE5017F6DE6FEB3B849BDE76ED00D
2025-12-15 01:41:07.040+0000 INFO  name: system
2025-12-15 01:41:07.041+0000 INFO  creationDate: 2025-12-12T07:35:02.568Z
2025-12-15 01:41:07.041+0000 INFO  Started.
